[FATAL][project.go:147]2020/12/07 15:07:38 [unsupported destination, should be slice or struct]
[FATAL][project.go:147]2020/12/07 15:07:41 [unsupported destination, should be slice or struct]
[FATAL][project.go:147]2020/12/07 15:07:43 [unsupported destination, should be slice or struct]
[FATAL][project.go:147]2020/12/07 15:07:48 [unsupported destination, should be slice or struct]
[INFO][receive.go:65]2020/12/07 16:45:58 [{869975030212345 05123 01237 0 1.58 21.6 }]
[INFO][receive.go:65]2020/12/07 16:47:16 [{869975030212345 05123 01238 0 1.58 21.6 }]
[INFO][receive.go:66]2020/12/07 16:48:38 [{869975030212345 05123 01239 0 1.58 21.6 }]
[INFO][receive.go:66]2020/12/07 16:52:41 [{869975030212345 05123 01240 0 1.58 21.6 }]
[FATAL][receive.go:114]2020/12/07 16:52:42 [Error 1054: Unknown column 'quantity' in 'field list']
[INFO][receive.go:80]2020/12/07 16:52:42 [Error 1054: Unknown column 'quantity' in 'field list']
[INFO][receive.go:66]2020/12/07 16:53:36 [{869975030212345 05123 01240 0 1.58 21.6 }]
[INFO][crontask.go:39]2020/12/07 17:00:00 [设备下线：01234]
[INFO][crontask.go:39]2020/12/07 17:00:00 [设备下线：01236]
[INFO][crontask.go:39]2020/12/07 17:00:01 [设备下线：01237]
[INFO][crontask.go:39]2020/12/07 17:00:01 [设备下线：01238]
[INFO][crontask.go:39]2020/12/07 17:00:02 [设备下线：01239]
[INFO][crontask.go:39]2020/12/07 17:00:03 [设备下线：01240]
[INFO][crontask.go:39]2020/12/07 17:00:03 [设备下线：06789]
[INFO][crontask.go:39]2020/12/07 17:00:04 [设备下线：10333]
[INFO][crontask.go:39]2020/12/07 17:00:05 [设备下线：03538]
[INFO][crontask.go:39]2020/12/07 17:00:05 [设备下线：06235]
[INFO][crontask.go:39]2020/12/07 17:00:06 [设备下线：]
[INFO][crontask.go:39]2020/12/07 17:00:07 [设备下线：]
[INFO][crontask.go:39]2020/12/07 17:00:07 [设备下线：]
[INFO][crontask.go:39]2020/12/07 17:00:08 [设备下线：]
